
[2017-06-08 13:05:08 +0000] [20906] [INFO] Worker reloading: /www/huitraining/huiweb/views.py modified
[2017-06-08 13:05:14 +0000] [20906] [INFO] Worker exiting (pid: 20906)
[2017-06-08 13:05:14 +0000] [20927] [INFO] Booting worker with pid: 20927
[2017-06-08 13:07:17 +0000] [20927] [INFO] Worker reloading: /www/huitraining/huiweb/views.py modified
[2017-06-08 13:07:20 +0000] [20927] [INFO] Worker exiting (pid: 20927)
['/www/huitraining/static/pdf/[2017]021\xe5\x8f\xb7(ITIL\xe4\xb8\x8eIT\xe6\x99\xba\xe6\x85\xa7\xe5\x8c\x96\xe8\xbf\x90\xe7\xbb\xb4-\xe4\xb8\x8a\xe6\xb5\xb7\xe3\x80\x81\xe5\x8c\x97\xe4\xba\xac).pdf']
[2017-06-08 13:07:20 +0000] [20945] [INFO] Booting worker with pid: 20945
[2017-06-08 13:08:42 +0000] [20945] [INFO] Worker reloading: /www/huitraining/huiweb/views.py modified
[2017-06-08 13:08:53 +0000] [20945] [INFO] Worker exiting (pid: 20945)
['/www/huitraining/static/pdf/[2017]021\xe5\x8f\xb7(ITIL\xe4\xb8\x8eIT\xe6\x99\xba\xe6\x85\xa7\xe5\x8c\x96\xe8\xbf\x90\xe7\xbb\xb4-\xe4\xb8\x8a\xe6\xb5\xb7\xe3\x80\x81\xe5\x8c\x97\xe4\xba\xac).pdf']
[2017-06-08 13:08:54 +0000] [20965] [INFO] Booting worker with pid: 20965
[2017-06-08 13:18:08 +0000] [20965] [INFO] Worker reloading: /www/huitraining/huiweb/views.py modified
[2017-06-08 13:18:20 +0000] [20965] [INFO] Worker exiting (pid: 20965)
["/www/huitraining/static/pdf/[2017]021号(ITIL与IT智慧化运维-上海、北京).pdf"]
["[2017]021号(ITIL与IT智慧化运维-上海、北京).pdf"]
<type 'unicode'>
["/www/huitraining/static/pdf/[2017]021号（ITIL与IT智慧化运维-上海、北京）袁英5.pdf"]
["[2017]021号（ITIL与IT智慧化运维-上海、北京）袁英5.pdf"]
<type 'unicode'>
[2017-06-08 13:18:20 +0000] [21040] [INFO] Booting worker with pid: 21040
Internal Server Error: /edit_plan
Traceback (most recent call last):
  File "/www/local/lib/python2.7/site-packages/django/core/handlers/exception.py", line 39, in inner
    response = get_response(request)
  File "/www/local/lib/python2.7/site-packages/django/core/handlers/base.py", line 187, in _get_response
    response = self.process_exception_by_middleware(e, request)
  File "/www/local/lib/python2.7/site-packages/django/core/handlers/base.py", line 185, in _get_response
    response = wrapped_callback(request, *callback_args, **callback_kwargs)
  File "/www/local/lib/python2.7/site-packages/django/views/decorators/csrf.py", line 58, in wrapped_view
    return view_func(*args, **kwargs)
  File "/www/huitraining/huiweb/views.py", line 345, in edit_ini
    plan[0].refresh_from_db()
  File "/www/local/lib/python2.7/site-packages/django/db/models/query.py", line 295, in __getitem__
    return list(qs)[0]
IndexError: list index out of range
[2017-06-08 13:19:58 +0000] [21040] [INFO] Worker reloading: /www/huitraining/huiweb/views.py modified
[2017-06-08 13:20:03 +0000] [21040] [INFO] Worker exiting (pid: 21040)
[2017-06-08 13:20:03 +0000] [21063] [INFO] Booting worker with pid: 21063
Internal Server Error: /edit_plan
Traceback (most recent call last):
  File "/www/local/lib/python2.7/site-packages/django/core/handlers/exception.py", line 39, in inner
    response = get_response(request)
  File "/www/local/lib/python2.7/site-packages/django/core/handlers/base.py", line 187, in _get_response
    response = self.process_exception_by_middleware(e, request)
  File "/www/local/lib/python2.7/site-packages/django/core/handlers/base.py", line 185, in _get_response
    response = wrapped_callback(request, *callback_args, **callback_kwargs)
  File "/www/local/lib/python2.7/site-packages/django/views/decorators/csrf.py", line 58, in wrapped_view
    return view_func(*args, **kwargs)
  File "/www/huitraining/huiweb/views.py", line 346, in edit_ini
    plan[0].save()
  File "/www/local/lib/python2.7/site-packages/django/db/models/query.py", line 295, in __getitem__
    return list(qs)[0]
IndexError: list index out of range
[2017-06-08 13:45:11 +0000] [21063] [INFO] Worker reloading: /www/huitraining/huiweb/views.py modified
[2017-06-08 13:45:15 +0000] [21063] [INFO] Worker exiting (pid: 21063)
["/www/huitraining/static/pdf/[2017]021号(ITIL与IT智慧化运维-上海、北京).pdf"]
["[2017]021号(ITIL与IT智慧化运维-上海、北京).pdf"]
<type 'unicode'>
["/www/huitraining/static/pdf/[2017]021号(ITIL与IT智慧化运维-上海、北京).pdf"]
["[2017]021号(ITIL与IT智慧化运维-上海、北京).pdf"]
<type 'unicode'>
[2017-06-08 13:45:15 +0000] [21224] [INFO] Booting worker with pid: 21224
Not Found: /www/huitraining/static/pdf/[2017]038/xe5/x8f/xb7/xef/xbc/x88/xe5/x9f/xba/xe4/xba/x8e/xe7/x9b/x91/xe7/xae/xa1/xe8/xa6/x81/xe6/xb1/x82/xe7/x9a/x84/xe4/xbf/xa1/xe6/x81/xaf/xe7/xa7/x91/xe6/x8a/x80/xe9/xa3/x8e/xe9/x99/xa9/xe7/xae/xa1/xe7/x90/x86/xe4/xb8/x8e/xe5/xae/xa1/xe8/xae/xa1/xe6/x9c/x80/xe4/xbd/xb3/xe5/xae/x9e/xe8/xb7/xb5-/xe5/x8c/x97/xe4/xba/xac/xe3/x80/x81/xe4/xb8/x8a/xe6/xb5/xb7/xef/xbc/x89/xe8/xa2/x81/xe8/x8b/xb1.pdf
Not Found: /status.taobao
Not Found: /xmlrpc.php
Not Found: /pmd
Not Found: /pmd
Not Found: /phpmyadmin
Not Found: /phpmyadmin
Not Found: /phpmyadmin/index.php
Not Found: /userlogin/login.aspx
Not Found: /phpmyadmin 
Not Found: /xmlrpc.php
Not Found: /wp-json/wp/v2/posts
Not Found: /jobs/
Not Found: /khbgeritxycl
Not Found: /khbgeritxycl
Not Found: /khbgeritxycl
Not Found: /hwi/
Forbidden (CSRF cookie not set.): /
Not Found: /clusters.jsf
Not Found: /ganglia/index.php
Not Found: /index.php
Not Found: /rs-status
Not Found: /master-status
Forbidden (CSRF cookie not set.): /
Not Found: /dfshealth.html
Not Found: /about/
Not Found: /warning
Not Found: /pleasereadthis
Not Found: /please_read/_search
Not Found: /jenkins/
Not Found: /zabbix/
Not Found: /solr/
Not Found: /info
Not Found: /dfshealth.jsp
Not Found: /hadoop/dfshealth.jsp
Not Found: /login.action
Forbidden (CSRF cookie not set.): /
Not Found: /index.php
Not Found: /index.php
Not Found: /qjsanhluomiw
Not Found: /qjsanhluomiw
Not Found: /qjsanhluomiw
Forbidden (CSRF cookie not set.): /
Not Found: /install/index.php
Not Found: /index.php
Not Found: /index.php
Not Found: /plugins/content/s5_media_player/helper.php
Not Found: /uddiexplorer/SearchPublicRegistries.jsp
Not Found: /matrix_callback.php
Not Found: /index.php
Not Found: /'"/></script><script>alert()</script>
Not Found: /'"/></script><script>alert()</script>
Not Found: /%27%22%2f%3E%3C%2fscript%3E%3Cscript%3Ealert%28%29%3C%2fscript%3E
Not Found: /'"/></script><script>alert()</script>/
Not Found: /'"/></script><script>alert()</script>/
Not Found: /%27%22%2f%3E%3C%2fscript%3E%3Cscript%3Ealert%28%29%3C%2fscript%3E/
Not Found: /'"+onmouseover=alert()+d='"
Not Found: /'" onmouseover=alert() d='"
Not Found: /%27%22%20onmouseover%3Dalert%28%29%20d%3D%27%22
Not Found: /'"+onmouseover=alert()+d='"/
Not Found: /'" onmouseover=alert() d='"/
Not Found: /%27%22%20onmouseover%3Dalert%28%29%20d%3D%27%22/
Not Found: /status.taobao
Not Found: /phpmyadmin
Not Found: /phpmyadmin/index.php
Not Found: /phpmyadmin/index.php
Not Found: /recordings/
Not Found: /manager/html
Not Found: /socks_test_logger.php
Forbidden (CSRF cookie not set.): /
Forbidden (CSRF cookie not set.): /
Forbidden (CSRF cookie not set.): /
Forbidden (CSRF cookie not set.): /
Forbidden (CSRF cookie not set.): /
Forbidden (CSRF cookie not set.): /
Not Found: /cgi/common.cgi
Not Found: /stssys.htm
Not Found: /command.php
Not Found: /wp-json/wp/v2/posts
Not Found: /jobs/
Not Found: /mhzabqviydun
Not Found: /mhzabqviydun
Not Found: /mhzabqviydun
Forbidden (CSRF cookie not set.): /
Not Found: /hwi/
Not Found: /clusters.jsf
Not Found: /ganglia/index.php
Not Found: /index.php
Not Found: /rs-status
Not Found: /master-status
Forbidden (CSRF cookie not set.): /
Not Found: /dfshealth.html
Not Found: /about/
Not Found: /warning
Not Found: /pleasereadthis
Not Found: /please_read/_search
Not Found: /jenkins/
Not Found: /zabbix/
Not Found: /solr/
Not Found: /info
Not Found: /dfshealth.jsp
Not Found: /hadoop/dfshealth.jsp
Forbidden (CSRF cookie not set.): /
Not Found: /status.taobao
Not Found: /robots.txt
Not Found: /robots.txt
Not Found: /manager/html
Not Found: /phpmyadmin/index.php
Not Found: /robots.txt
Not Found: /phpmyadmin/index.php
Not Found: /manager/html
Not Found: /wp-json/wp/v2/posts
Not Found: /jobs/
Not Found: /canulxvmidhq
Not Found: /canulxvmidhq
Not Found: /canulxvmidhq
Forbidden (CSRF cookie not set.): /
Not Found: /hwi/
Not Found: /clusters.jsf
Not Found: /ganglia/index.php
Not Found: /index.php
Not Found: /rs-status
Not Found: /master-status
Forbidden (CSRF cookie not set.): /
Not Found: /dfshealth.html
Not Found: /about/
Not Found: /warning
Not Found: /pleasereadthis
Not Found: /please_read/_search
Not Found: /jenkins/
Not Found: /zabbix/
Not Found: /solr/
Not Found: /info
Not Found: /dfshealth.jsp
Not Found: /hadoop/dfshealth.jsp
Forbidden (CSRF cookie not set.): /
Not Found: /index.php
Not Found: /index.php
Not Found: /egzfoupbiyls
Not Found: /egzfoupbiyls
Not Found: /egzfoupbiyls
Forbidden (CSRF cookie not set.): /
Not Found: /install/index.php
Not Found: /index.php
Not Found: /index.php
Not Found: /plugins/content/s5_media_player/helper.php
Not Found: /uddiexplorer/SearchPublicRegistries.jsp
Not Found: /matrix_callback.php
Not Found: /index.php
Not Found: /'"/></script><script>alert()</script>
Not Found: /'"/></script><script>alert()</script>
Not Found: /%27%22%2f%3E%3C%2fscript%3E%3Cscript%3Ealert%28%29%3C%2fscript%3E
Not Found: /'"/></script><script>alert()</script>/
Not Found: /'"/></script><script>alert()</script>/
Not Found: /%27%22%2f%3E%3C%2fscript%3E%3Cscript%3Ealert%28%29%3C%2fscript%3E/
Not Found: /'"+onmouseover=alert()+d='"
Not Found: /'" onmouseover=alert() d='"
Not Found: /%27%22%20onmouseover%3Dalert%28%29%20d%3D%27%22
Not Found: /'"+onmouseover=alert()+d='"/
Not Found: /'" onmouseover=alert() d='"/
Not Found: /%27%22%20onmouseover%3Dalert%28%29%20d%3D%27%22/
Not Found: /manager/html
Not Found: /status.taobao
Not Found: /raw
Not Found: /xmlrpc.php
Not Found: /blog/xmlrpc.php
Not Found: /status.taobao
Not Found: /wp-json/wp/v2/posts
Not Found: /jobs/
Not Found: /skrvxdjuealc
Not Found: /skrvxdjuealc
Not Found: /skrvxdjuealc
Forbidden (CSRF cookie not set.): /
Not Found: /hwi/
Not Found: /clusters.jsf
Not Found: /ganglia/index.php
Not Found: /index.php
Not Found: /rs-status
Not Found: /master-status
Forbidden (CSRF cookie not set.): /
Not Found: /dfshealth.html
Not Found: /about/
Not Found: /warning
Not Found: /pleasereadthis
Not Found: /please_read/_search
Not Found: /jenkins/
Not Found: /zabbix/
Not Found: /solr/
Not Found: /info
Not Found: /dfshealth.jsp
Not Found: /hadoop/dfshealth.jsp
Not Found: /robots.txt
Not Found: /status.taobao
Not Found: /favicon.ico
Not Found: /favicon.ico
Not Found: /favicon.ico
Not Found: /favicon.ico
Not Found: /favicon.ico
Not Found: /favicon.ico
Not Found: /favicon.ico
Not Found: /favicon.ico
Not Found: /hndUnblock.cgi
Not Found: /tmUnblock.cgi
Not Found: /phpmyadmin
Not Found: /phpmyadmin
Not Found: /favicon.ico
Not Found: /favicon.ico
Not Found: /favicon.ico
Not Found: /favicon.ico
Not Found: /wp-json/wp/v2/posts
Not Found: /jobs/
Not Found: /faqsxedcnrtp
Not Found: /faqsxedcnrtp
Not Found: /faqsxedcnrtp
Forbidden (CSRF cookie not set.): /
Not Found: /hwi/
Not Found: /clusters.jsf
Not Found: /ganglia/index.php
Not Found: /index.php
Not Found: /rs-status
Not Found: /master-status
Forbidden (CSRF cookie not set.): /
Not Found: /dfshealth.html
Not Found: /about/
Not Found: /warning
Not Found: /pleasereadthis
Not Found: /please_read/_search
Not Found: /jenkins/
Not Found: /zabbix/
Not Found: /solr/
Not Found: /info
Not Found: /dfshealth.jsp
Not Found: /hadoop/dfshealth.jsp
Forbidden (CSRF cookie not set.): /
Not Found: /index.php
Not Found: /index.php
Not Found: /sdoteuiarhxy
Not Found: /sdoteuiarhxy
Not Found: /sdoteuiarhxy
Forbidden (CSRF cookie not set.): /
Not Found: /install/index.php
Not Found: /index.php
Not Found: /index.php
Not Found: /plugins/content/s5_media_player/helper.php
Not Found: /uddiexplorer/SearchPublicRegistries.jsp
Not Found: /matrix_callback.php
Not Found: /index.php
Not Found: /'"/></script><script>alert()</script>
Not Found: /'"/></script><script>alert()</script>
Not Found: /%27%22%2f%3E%3C%2fscript%3E%3Cscript%3Ealert%28%29%3C%2fscript%3E
Not Found: /'"/></script><script>alert()</script>/
Not Found: /'"/></script><script>alert()</script>/
Not Found: /%27%22%2f%3E%3C%2fscript%3E%3Cscript%3Ealert%28%29%3C%2fscript%3E/
Not Found: /'"+onmouseover=alert()+d='"
Not Found: /'" onmouseover=alert() d='"
Not Found: /%27%22%20onmouseover%3Dalert%28%29%20d%3D%27%22
Not Found: /'"+onmouseover=alert()+d='"/
Not Found: /'" onmouseover=alert() d='"/
Not Found: /%27%22%20onmouseover%3Dalert%28%29%20d%3D%27%22/
Not Found: /favicon.ico
Not Found: /status.taobao
Not Found: /shell
Not Found: /phpmyadmin
Not Found: /favicon.ico
Not Found: /favicon.ico
Not Found: /phpmyadmin 
Not Found: /phpmyadmin 
Not Found: /phpmyadmin 
Not Found: /phpMyAdmin 
Not Found: /wp-json/wp/v2/posts
Not Found: /jobs/
Not Found: /uogpnydqtlxs
Not Found: /uogpnydqtlxs
Not Found: /uogpnydqtlxs
Forbidden (CSRF cookie not set.): /
Not Found: /hwi/
Not Found: /wp-json/wp/v2/posts
Not Found: /dfshealth.html
Not Found: /huqerogijldt
Not Found: /huqerogijldt
Not Found: /huqerogijldt
Forbidden (CSRF cookie not set.): /
Not Found: /index.php
Not Found: /master-status
Not Found: /index.php
Not Found: /rs-status
Forbidden (CSRF cookie not set.): /
Not Found: /jehztikuvqwb
Not Found: /jehztikuvqwb
Not Found: /jehztikuvqwb
Not Found: /index.php
Not Found: /clusters.jsf
Not Found: /jobs/
Not Found: /ganglia/index.php
Forbidden (CSRF cookie not set.): /
Not Found: /about/
Not Found: /warning
Not Found: /hwi/
Not Found: /pleasereadthis
Not Found: /please_read/_search
Forbidden (CSRF cookie not set.): /
Not Found: /install/index.php
Not Found: /phpMyAdmin 
Not Found: /index.php
Not Found: /index.php
Not Found: /plugins/content/s5_media_player/helper.php
Not Found: /uddiexplorer/SearchPublicRegistries.jsp
Not Found: /matrix_callback.php
Not Found: /index.php
Not Found: /dfshealth.jsp
Not Found: /hadoop/dfshealth.jsp
Not Found: /'"/></script><script>alert()</script>
Not Found: /'"/></script><script>alert()</script>
Not Found: /%27%22%2f%3E%3C%2fscript%3E%3Cscript%3Ealert%28%29%3C%2fscript%3E
Not Found: /'"/></script><script>alert()</script>/
Not Found: /'"/></script><script>alert()</script>/
Not Found: /%27%22%2f%3E%3C%2fscript%3E%3Cscript%3Ealert%28%29%3C%2fscript%3E/
Not Found: /'"+onmouseover=alert()+d='"
Not Found: /'" onmouseover=alert() d='"
Not Found: /%27%22%20onmouseover%3Dalert%28%29%20d%3D%27%22
Not Found: /'"+onmouseover=alert()+d='"/
Not Found: /'" onmouseover=alert() d='"/
Not Found: /%27%22%20onmouseover%3Dalert%28%29%20d%3D%27%22/
Not Found: /jenkins/
Not Found: /zabbix/
Not Found: /solr/
Not Found: /info
Not Found: /phpMyAdmin 
Not Found: /robots.txt
Not Found: /robots.txt
Not Found: /robots.txt
Not Found: /phpmyadmin/scripts/setup.php
Not Found: /shell
Not Found: /status.taobao
Not Found: /manager/html
Not Found: /check_proxy
Not Found: /favicon.ico
Not Found: /index.php/home/messages/batchRead
Not Found: /dfshealth.html
Forbidden (CSRF cookie not set.): /
Not Found: /index.php
Not Found: /master-status
Not Found: /rs-status
Not Found: /index.php
Not Found: /ganglia/index.php
Not Found: /yabrockqsvim
Not Found: /yabrockqsvim
Not Found: /yabrockqsvim
Not Found: /index.php
Not Found: /jobs/
Not Found: /wp-json/wp/v2/posts
Not Found: /qfxtdvekhbny
Not Found: /qfxtdvekhbny
Not Found: /qfxtdvekhbny
Not Found: /hwi/
Not Found: /hwi/
Not Found: /clusters.jsf
Not Found: /ganglia/index.php
Not Found: /index.php
Not Found: /rs-status
Not Found: /master-status
Forbidden (CSRF cookie not set.): /
Not Found: /dfshealth.html
Not Found: /about/
Not Found: /warning
Not Found: /pleasereadthis
Forbidden (CSRF cookie not set.): /
Not Found: /please_read/_search
Not Found: /install/index.php
Not Found: /index.php
Not Found: /index.php
Not Found: /plugins/content/s5_media_player/helper.php
Not Found: /uddiexplorer/SearchPublicRegistries.jsp
Not Found: /matrix_callback.php
Not Found: /index.php
Not Found: /dfshealth.jsp
Not Found: /hadoop/dfshealth.jsp
Not Found: /'"/></script><script>alert()</script>
Not Found: /'"/></script><script>alert()</script>
Not Found: /%27%22%2f%3E%3C%2fscript%3E%3Cscript%3Ealert%28%29%3C%2fscript%3E
Not Found: /'"/></script><script>alert()</script>/
Not Found: /'"/></script><script>alert()</script>/
Not Found: /%27%22%2f%3E%3C%2fscript%3E%3Cscript%3Ealert%28%29%3C%2fscript%3E/
Not Found: /'"+onmouseover=alert()+d='"
Not Found: /'" onmouseover=alert() d='"
Not Found: /jenkins/
Not Found: /%27%22%20onmouseover%3Dalert%28%29%20d%3D%27%22
Not Found: /'"+onmouseover=alert()+d='"/
Not Found: /zabbix/
Not Found: /'" onmouseover=alert() d='"/
Not Found: /%27%22%20onmouseover%3Dalert%28%29%20d%3D%27%22/
Not Found: /solr/
Not Found: /info
Not Found: /proxyheader.php
Not Found: /status.taobao
Not Found: /manager/html
Not Found: /phpmyadmin
Not Found: /phpmyadmin
Not Found: /jobs/
Not Found: /verzcxumhift
Not Found: /verzcxumhift
Not Found: /verzcxumhift
Forbidden (CSRF cookie not set.): /
Not Found: /hwi/
Not Found: /clusters.jsf
Not Found: /ganglia/index.php
Not Found: /index.php
Not Found: /rs-status
Not Found: /master-status
Forbidden (CSRF cookie not set.): /
Not Found: /dfshealth.html
Not Found: /about/
Not Found: /warning
Not Found: /pleasereadthis
Not Found: /please_read/_search
Not Found: /jenkins/
Not Found: /zabbix/
Not Found: /solr/
Not Found: /info
Not Found: /dfshealth.jsp
Not Found: /hadoop/dfshealth.jsp
Not Found: /install/index.php
Forbidden (CSRF cookie not set.): /
Not Found: /index.php
Not Found: /index.php
Not Found: /osrnczgbmwjh
Not Found: /osrnczgbmwjh
Not Found: /osrnczgbmwjh
Forbidden (CSRF cookie not set.): /
Not Found: /index.php
Not Found: /index.php
Not Found: /plugins/content/s5_media_player/helper.php
Not Found: /uddiexplorer/SearchPublicRegistries.jsp
Not Found: /index.php
Not Found: /matrix_callback.php
Not Found: /'"/></script><script>alert()</script>
Not Found: /'"/></script><script>alert()</script>
Not Found: /%27%22%2f%3E%3C%2fscript%3E%3Cscript%3Ealert%28%29%3C%2fscript%3E
Not Found: /'"/></script><script>alert()</script>/
Not Found: /'"/></script><script>alert()</script>/
Not Found: /%27%22%2f%3E%3C%2fscript%3E%3Cscript%3Ealert%28%29%3C%2fscript%3E/
Not Found: /'"+onmouseover=alert()+d='"
Not Found: /'" onmouseover=alert() d='"
Not Found: /%27%22%20onmouseover%3Dalert%28%29%20d%3D%27%22
Not Found: /'"+onmouseover=alert()+d='"/
Not Found: /'" onmouseover=alert() d='"/
Not Found: /%27%22%20onmouseover%3Dalert%28%29%20d%3D%27%22/
Not Found: /favicon.ico
Not Found: /favicon.ico
Not Found: /favicon.ico
Not Found: /favicon.ico
Not Found: /robots.txt
Not Found: /robots.txt
Not Found: /status.taobao
Not Found: /phpmyadmin
Not Found: /cgi/common.cgi
Not Found: /stssys.htm
Not Found: /command.php
Not Found: /phpmyadmin
Not Found: /manager/html
Not Found: /wp-json/wp/v2/posts
Not Found: /jobs/
Not Found: /qktlhdsmoyfw
Not Found: /qktlhdsmoyfw
Not Found: /qktlhdsmoyfw
Not Found: /hwi/
Forbidden (CSRF cookie not set.): /
Not Found: /clusters.jsf
Not Found: /ganglia/index.php
Not Found: /index.php
Not Found: /rs-status
Not Found: /master-status
Forbidden (CSRF cookie not set.): /
Not Found: /dfshealth.html
Not Found: /about/
Not Found: /warning
Not Found: /pleasereadthis
Not Found: /please_read/_search
Not Found: /jenkins/
Not Found: /zabbix/
Not Found: /solr/
Not Found: /info
Not Found: /dfshealth.jsp
Not Found: /hadoop/dfshealth.jsp
Forbidden (CSRF cookie not set.): /
Not Found: /install/index.php
Not Found: /index.php
Not Found: /index.php
Not Found: /kohamqengwrt
Not Found: /kohamqengwrt
Not Found: /kohamqengwrt
Not Found: /hwi/
Forbidden (CSRF cookie not set.): /
Not Found: /index.php
Not Found: /index.php
Not Found: /plugins/content/s5_media_player/helper.php
Not Found: /uddiexplorer/SearchPublicRegistries.jsp
Not Found: /index.php
Not Found: /clusters.jsf
Not Found: /about/
Not Found: /matrix_callback.php
Not Found: /dfshealth.jsp
Not Found: /hadoop/dfshealth.jsp
Not Found: /'"/></script><script>alert()</script>
Not Found: /'"/></script><script>alert()</script>
Not Found: /%27%22%2f%3E%3C%2fscript%3E%3Cscript%3Ealert%28%29%3C%2fscript%3E
Not Found: /'"/></script><script>alert()</script>/
Not Found: /'"/></script><script>alert()</script>/
Not Found: /%27%22%2f%3E%3C%2fscript%3E%3Cscript%3Ealert%28%29%3C%2fscript%3E/
Not Found: /'"+onmouseover=alert()+d='"
Not Found: /'" onmouseover=alert() d='"
Not Found: /%27%22%20onmouseover%3Dalert%28%29%20d%3D%27%22
Not Found: /'"+onmouseover=alert()+d='"/
Not Found: /'" onmouseover=alert() d='"/
Not Found: /%27%22%20onmouseover%3Dalert%28%29%20d%3D%27%22/
Not Found: /robots.txt
Not Found: /status.taobao
Not Found: /index.action
Not Found: /phpmyadmin
Not Found: /wp-json/wp/v2/posts
Not Found: /jobs/
Not Found: /ogdwanmlkxyh
Not Found: /ogdwanmlkxyh
Not Found: /ogdwanmlkxyh
Not Found: /hwi/
Forbidden (CSRF cookie not set.): /
Not Found: /clusters.jsf
Not Found: /ganglia/index.php
Not Found: /index.php
Not Found: /rs-status
Not Found: /master-status
Forbidden (CSRF cookie not set.): /
Not Found: /dfshealth.html
Not Found: /about/
Not Found: /warning
Not Found: /pleasereadthis
Not Found: /please_read/_search
Not Found: /jenkins/
Not Found: /zabbix/
Not Found: /solr/
Not Found: /info
Not Found: /dfshealth.jsp
Not Found: /hadoop/dfshealth.jsp
Not Found: /favicon.ico
Not Found: /phpmyadmin
Not Found: /robots.txt
Not Found: /robots.txt
Not Found: /robots.txt
Not Found: /proxyheader.php
Not Found: /status.taobao
Not Found: /azenv.php
Not Found: /hndUnblock.cgi
Not Found: /tmUnblock.cgi
Not Found: /azenv.php
Not Found: /azenv.php
Not Found: /azenv.php
Not Found: /favicon.ico
Forbidden (CSRF cookie not set.): /
Not Found: /favicon.ico
Not Found: /favicon.ico
Not Found: /favicon.ico
Not Found: /favicon.ico
Not Found: /favicon.ico
Not Found: /favicon.ico
[2017-06-19 12:19:32 +0000] [21224] [INFO] Worker reloading: /www/huitraining/huiweb/views.py modified
[2017-06-19 12:19:35 +0000] [21224] [INFO] Worker exiting (pid: 21224)
["/www/huitraining/static/pdf/[2017]021号(ITIL与IT智慧化运维-上海、北京).pdf"]
["/www/huitraining/static/pdf/[2017]021号（ITIL与IT智慧化运维-上海、北京）彭凡1.pdf"]
["/www/huitraining/static/pdf/[2017]021号（ITIL与IT智慧化运维-上海、北京）李菱2.pdf"]
["/www/huitraining/static/pdf/[2017]021号（ITIL与IT智慧化运维-上海、北京）王斌3.pdf"]
["/www/huitraining/static/pdf/[2017]021号（ITIL与IT智慧化运维-上海、北京）王敏4.pdf"]
["/www/huitraining/static/pdf/[2017]021号（ITIL与IT智慧化运维-上海、北京）袁英5.pdf"]
["[2017]021号（ITIL与IT智慧化运维-上海、北京）袁英5.pdf"]
<type 'unicode'>
["[2017]021号（ITIL与IT智慧化运维-上海、北京）王敏4.pdf"]
<type 'unicode'>
["[2017]038号（基于监管要求的信息科技风险管理与审计最佳实践-北京、上海）彭凡.pdf"]
<type 'unicode'>
["[2017]038号（基于监管要求的信息科技风险管理与审计最佳实践-北京、上海）袁英.pdf"]
<type 'unicode'>
[2017-06-19 12:19:35 +0000] [8056] [INFO] Booting worker with pid: 8056
Not Found: /azenv.php
Not Found: /wp-json/wp/v2/posts
Not Found: /jobs/
Not Found: /cgyzvhbtrkon
Not Found: /cgyzvhbtrkon
Not Found: /cgyzvhbtrkon
Forbidden (CSRF cookie not set.): /
Not Found: /hwi/
Not Found: /clusters.jsf
Not Found: /ganglia/index.php
Not Found: /index.php
Not Found: /rs-status
Not Found: /master-status
Forbidden (CSRF cookie not set.): /
Not Found: /dfshealth.html
Not Found: /about/
Not Found: /warning
Not Found: /pleasereadthis
Not Found: /please_read/_search
Not Found: /jenkins/
Not Found: /zabbix/
Not Found: /solr/
Not Found: /info
Not Found: /dfshealth.jsp
Not Found: /hadoop/dfshealth.jsp
Forbidden (CSRF cookie not set.): /
Not Found: /index.php
Not Found: /index.php
Not Found: /dvjqtpwglmca
Not Found: /dvjqtpwglmca
Not Found: /dvjqtpwglmca
Forbidden (CSRF cookie not set.): /
Not Found: /install/index.php
Not Found: /index.php
Not Found: /index.php
Not Found: /plugins/content/s5_media_player/helper.php
Not Found: /uddiexplorer/SearchPublicRegistries.jsp
Not Found: /matrix_callback.php
Not Found: /index.php
Not Found: /'"/></script><script>alert()</script>
Not Found: /'"/></script><script>alert()</script>
Not Found: /%27%22%2f%3E%3C%2fscript%3E%3Cscript%3Ealert%28%29%3C%2fscript%3E
Not Found: /'"/></script><script>alert()</script>/
Not Found: /'"/></script><script>alert()</script>/
Not Found: /%27%22%2f%3E%3C%2fscript%3E%3Cscript%3Ealert%28%29%3C%2fscript%3E/
Not Found: /'"+onmouseover=alert()+d='"
Not Found: /'" onmouseover=alert() d='"
Not Found: /%27%22%20onmouseover%3Dalert%28%29%20d%3D%27%22
Not Found: /'"+onmouseover=alert()+d='"/
Not Found: /'" onmouseover=alert() d='"/
Not Found: /%27%22%20onmouseover%3Dalert%28%29%20d%3D%27%22/
Not Found: /favicon.ico
Not Found: /asdsad
Internal Server Error: /www.huitraining.org.cn/plan_query
Traceback (most recent call last):
  File "/www/local/lib/python2.7/site-packages/django/core/handlers/exception.py", line 39, in inner
    response = get_response(request)
  File "/www/local/lib/python2.7/site-packages/django/core/handlers/base.py", line 187, in _get_response
    response = self.process_exception_by_middleware(e, request)
  File "/www/local/lib/python2.7/site-packages/django/core/handlers/base.py", line 185, in _get_response
    response = wrapped_callback(request, *callback_args, **callback_kwargs)
  File "/www/local/lib/python2.7/site-packages/django/views/decorators/csrf.py", line 58, in wrapped_view
    return view_func(*args, **kwargs)
  File "/www/huitraining/huiweb/views.py", line 274, in plan_query
    return render_to_response('query.html',locals())
  File "/www/local/lib/python2.7/site-packages/django/shortcuts.py", line 21, in render_to_response
    content = loader.render_to_string(template_name, context, using=using)
  File "/www/local/lib/python2.7/site-packages/django/template/loader.py", line 67, in render_to_string
    template = get_template(template_name, using=using)
  File "/www/local/lib/python2.7/site-packages/django/template/loader.py", line 25, in get_template
    raise TemplateDoesNotExist(template_name, chain=chain)
TemplateDoesNotExist: query.html
Not Found: /favicon.ico
[2017-06-19 15:33:26 +0000] [8056] [INFO] Worker reloading: /www/huitraining/huiweb/views.py modified
[2017-06-19 15:33:28 +0000] [8056] [INFO] Worker exiting (pid: 8056)
[2017-06-19 15:33:28 +0000] [9265] [INFO] Booting worker with pid: 9265
[2017-06-19 16:04:07 +0000] [9265] [INFO] Worker reloading: /www/huitraining/huiweb/views.py modified
[2017-06-19 16:04:22 +0000] [9265] [INFO] Worker exiting (pid: 9265)
[2017-06-19 16:04:22 +0000] [9467] [INFO] Booting worker with pid: 9467
Internal Server Error: /user_query
Traceback (most recent call last):
  File "/www/local/lib/python2.7/site-packages/django/core/handlers/exception.py", line 39, in inner
    response = get_response(request)
  File "/www/local/lib/python2.7/site-packages/django/core/handlers/base.py", line 187, in _get_response
    response = self.process_exception_by_middleware(e, request)
  File "/www/local/lib/python2.7/site-packages/django/core/handlers/base.py", line 185, in _get_response
    response = wrapped_callback(request, *callback_args, **callback_kwargs)
  File "/www/local/lib/python2.7/site-packages/django/views/decorators/clickjacking.py", line 58, in wrapped_view
    resp = view_func(*args, **kwargs)
  File "/www/local/lib/python2.7/site-packages/django/views/decorators/csrf.py", line 58, in wrapped_view
    return view_func(*args, **kwargs)
  File "/www/huitraining/huiweb/views.py", line 474, in user_query
    pdf_uploader                = str(plan_info[0].PDF_upload)
NameError: global name 'plan_info' is not defined
Internal Server Error: /user_query
Traceback (most recent call last):
  File "/www/local/lib/python2.7/site-packages/django/core/handlers/exception.py", line 39, in inner
    response = get_response(request)
  File "/www/local/lib/python2.7/site-packages/django/core/handlers/base.py", line 187, in _get_response
    response = self.process_exception_by_middleware(e, request)
  File "/www/local/lib/python2.7/site-packages/django/core/handlers/base.py", line 185, in _get_response
    response = wrapped_callback(request, *callback_args, **callback_kwargs)
  File "/www/local/lib/python2.7/site-packages/django/views/decorators/clickjacking.py", line 58, in wrapped_view
    resp = view_func(*args, **kwargs)
  File "/www/local/lib/python2.7/site-packages/django/views/decorators/csrf.py", line 58, in wrapped_view
    return view_func(*args, **kwargs)
  File "/www/huitraining/huiweb/views.py", line 474, in user_query
    pdf_uploader                = str(plan_info[0].PDF_upload)
NameError: global name 'plan_info' is not defined
Internal Server Error: /user_query
Traceback (most recent call last):
  File "/www/local/lib/python2.7/site-packages/django/core/handlers/exception.py", line 39, in inner
    response = get_response(request)
  File "/www/local/lib/python2.7/site-packages/django/core/handlers/base.py", line 187, in _get_response
    response = self.process_exception_by_middleware(e, request)
  File "/www/local/lib/python2.7/site-packages/django/core/handlers/base.py", line 185, in _get_response
    response = wrapped_callback(request, *callback_args, **callback_kwargs)
  File "/www/local/lib/python2.7/site-packages/django/views/decorators/clickjacking.py", line 58, in wrapped_view
    resp = view_func(*args, **kwargs)
  File "/www/local/lib/python2.7/site-packages/django/views/decorators/csrf.py", line 58, in wrapped_view
    return view_func(*args, **kwargs)
  File "/www/huitraining/huiweb/views.py", line 474, in user_query
    pdf_uploader                = str(plan_info[0].PDF_upload)
NameError: global name 'plan_info' is not defined
Internal Server Error: /user_query
Traceback (most recent call last):
  File "/www/local/lib/python2.7/site-packages/django/core/handlers/exception.py", line 39, in inner
    response = get_response(request)
  File "/www/local/lib/python2.7/site-packages/django/core/handlers/base.py", line 187, in _get_response
    response = self.process_exception_by_middleware(e, request)
  File "/www/local/lib/python2.7/site-packages/django/core/handlers/base.py", line 185, in _get_response
    response = wrapped_callback(request, *callback_args, **callback_kwargs)
  File "/www/local/lib/python2.7/site-packages/django/views/decorators/clickjacking.py", line 58, in wrapped_view
    resp = view_func(*args, **kwargs)
  File "/www/local/lib/python2.7/site-packages/django/views/decorators/csrf.py", line 58, in wrapped_view
    return view_func(*args, **kwargs)
  File "/www/huitraining/huiweb/views.py", line 474, in user_query
    pdf_uploader                = str(plan_info[0].PDF_upload)
NameError: global name 'plan_info' is not defined
Internal Server Error: /user_query
Traceback (most recent call last):
  File "/www/local/lib/python2.7/site-packages/django/core/handlers/exception.py", line 39, in inner
    response = get_response(request)
  File "/www/local/lib/python2.7/site-packages/django/core/handlers/base.py", line 187, in _get_response
    response = self.process_exception_by_middleware(e, request)
  File "/www/local/lib/python2.7/site-packages/django/core/handlers/base.py", line 185, in _get_response
    response = wrapped_callback(request, *callback_args, **callback_kwargs)
  File "/www/local/lib/python2.7/site-packages/django/views/decorators/clickjacking.py", line 58, in wrapped_view
    resp = view_func(*args, **kwargs)
  File "/www/local/lib/python2.7/site-packages/django/views/decorators/csrf.py", line 58, in wrapped_view
    return view_func(*args, **kwargs)
  File "/www/huitraining/huiweb/views.py", line 474, in user_query
    pdf_uploader                = str(plan_info[0].PDF_upload)
NameError: global name 'plan_info' is not defined
Internal Server Error: /user_query
Traceback (most recent call last):
  File "/www/local/lib/python2.7/site-packages/django/core/handlers/exception.py", line 39, in inner
    response = get_response(request)
  File "/www/local/lib/python2.7/site-packages/django/core/handlers/base.py", line 187, in _get_response
    response = self.process_exception_by_middleware(e, request)
  File "/www/local/lib/python2.7/site-packages/django/core/handlers/base.py", line 185, in _get_response
    response = wrapped_callback(request, *callback_args, **callback_kwargs)
  File "/www/local/lib/python2.7/site-packages/django/views/decorators/clickjacking.py", line 58, in wrapped_view
    resp = view_func(*args, **kwargs)
  File "/www/local/lib/python2.7/site-packages/django/views/decorators/csrf.py", line 58, in wrapped_view
    return view_func(*args, **kwargs)
  File "/www/huitraining/huiweb/views.py", line 474, in user_query
    pdf_uploader                = str(plan_info[0].PDF_upload)
NameError: global name 'plan_info' is not defined
Internal Server Error: /user_query
Traceback (most recent call last):
  File "/www/local/lib/python2.7/site-packages/django/core/handlers/exception.py", line 39, in inner
    response = get_response(request)
  File "/www/local/lib/python2.7/site-packages/django/core/handlers/base.py", line 187, in _get_response
    response = self.process_exception_by_middleware(e, request)
  File "/www/local/lib/python2.7/site-packages/django/core/handlers/base.py", line 185, in _get_response
    response = wrapped_callback(request, *callback_args, **callback_kwargs)
  File "/www/local/lib/python2.7/site-packages/django/views/decorators/clickjacking.py", line 58, in wrapped_view
    resp = view_func(*args, **kwargs)
  File "/www/local/lib/python2.7/site-packages/django/views/decorators/csrf.py", line 58, in wrapped_view
    return view_func(*args, **kwargs)
  File "/www/huitraining/huiweb/views.py", line 474, in user_query
    pdf_uploader                = str(plan_info[0].PDF_upload)
NameError: global name 'plan_info' is not defined
[2017-06-19 16:06:46 +0000] [9467] [INFO] Worker reloading: /www/huitraining/huiweb/views.py modified
[2017-06-19 16:07:00 +0000] [9467] [INFO] Worker exiting (pid: 9467)
[2017-06-19 16:07:00 +0000] [9510] [INFO] Booting worker with pid: 9510
Not Found: /azenv.php
Internal Server Error: /plan_details2
Traceback (most recent call last):
  File "/www/local/lib/python2.7/site-packages/django/core/handlers/exception.py", line 39, in inner
    response = get_response(request)
  File "/www/local/lib/python2.7/site-packages/django/core/handlers/base.py", line 187, in _get_response
    response = self.process_exception_by_middleware(e, request)
  File "/www/local/lib/python2.7/site-packages/django/core/handlers/base.py", line 185, in _get_response
    response = wrapped_callback(request, *callback_args, **callback_kwargs)
  File "/www/huitraining/huiweb/views.py", line 159, in plan_details
    return render_to_response("edit.html",locals())
  File "/www/local/lib/python2.7/site-packages/django/shortcuts.py", line 21, in render_to_response
    content = loader.render_to_string(template_name, context, using=using)
  File "/www/local/lib/python2.7/site-packages/django/template/loader.py", line 67, in render_to_string
    template = get_template(template_name, using=using)
  File "/www/local/lib/python2.7/site-packages/django/template/loader.py", line 25, in get_template
    raise TemplateDoesNotExist(template_name, chain=chain)
TemplateDoesNotExist: edit.html
Not Found: /favicon.ico
Internal Server Error: /plan_details2
Traceback (most recent call last):
  File "/www/local/lib/python2.7/site-packages/django/core/handlers/exception.py", line 39, in inner
    response = get_response(request)
  File "/www/local/lib/python2.7/site-packages/django/core/handlers/base.py", line 187, in _get_response
    response = self.process_exception_by_middleware(e, request)
  File "/www/local/lib/python2.7/site-packages/django/core/handlers/base.py", line 185, in _get_response
    response = wrapped_callback(request, *callback_args, **callback_kwargs)
  File "/www/huitraining/huiweb/views.py", line 159, in plan_details
    return render_to_response("edit.html",locals())
  File "/www/local/lib/python2.7/site-packages/django/shortcuts.py", line 21, in render_to_response
    content = loader.render_to_string(template_name, context, using=using)
  File "/www/local/lib/python2.7/site-packages/django/template/loader.py", line 67, in render_to_string
    template = get_template(template_name, using=using)
  File "/www/local/lib/python2.7/site-packages/django/template/loader.py", line 25, in get_template
    raise TemplateDoesNotExist(template_name, chain=chain)
TemplateDoesNotExist: edit.html
Internal Server Error: /plan_details2
Traceback (most recent call last):
  File "/www/local/lib/python2.7/site-packages/django/core/handlers/exception.py", line 39, in inner
    response = get_response(request)
  File "/www/local/lib/python2.7/site-packages/django/core/handlers/base.py", line 187, in _get_response
    response = self.process_exception_by_middleware(e, request)
  File "/www/local/lib/python2.7/site-packages/django/core/handlers/base.py", line 185, in _get_response
    response = wrapped_callback(request, *callback_args, **callback_kwargs)
  File "/www/huitraining/huiweb/views.py", line 159, in plan_details
    return render_to_response("edit.html",locals())
  File "/www/local/lib/python2.7/site-packages/django/shortcuts.py", line 21, in render_to_response
    content = loader.render_to_string(template_name, context, using=using)
  File "/www/local/lib/python2.7/site-packages/django/template/loader.py", line 67, in render_to_string
    template = get_template(template_name, using=using)
  File "/www/local/lib/python2.7/site-packages/django/template/loader.py", line 25, in get_template
    raise TemplateDoesNotExist(template_name, chain=chain)
TemplateDoesNotExist: edit.html
Internal Server Error: /plan_details2
Traceback (most recent call last):
  File "/www/local/lib/python2.7/site-packages/django/core/handlers/exception.py", line 39, in inner
    response = get_response(request)
  File "/www/local/lib/python2.7/site-packages/django/core/handlers/base.py", line 187, in _get_response
    response = self.process_exception_by_middleware(e, request)
  File "/www/local/lib/python2.7/site-packages/django/core/handlers/base.py", line 185, in _get_response
    response = wrapped_callback(request, *callback_args, **callback_kwargs)
  File "/www/huitraining/huiweb/views.py", line 159, in plan_details
    return render_to_response("edit.html",locals())
  File "/www/local/lib/python2.7/site-packages/django/shortcuts.py", line 21, in render_to_response
    content = loader.render_to_string(template_name, context, using=using)
  File "/www/local/lib/python2.7/site-packages/django/template/loader.py", line 67, in render_to_string
    template = get_template(template_name, using=using)
  File "/www/local/lib/python2.7/site-packages/django/template/loader.py", line 25, in get_template
    raise TemplateDoesNotExist(template_name, chain=chain)
TemplateDoesNotExist: edit.html
Internal Server Error: /plan_details2
Traceback (most recent call last):
  File "/www/local/lib/python2.7/site-packages/django/core/handlers/exception.py", line 39, in inner
    response = get_response(request)
  File "/www/local/lib/python2.7/site-packages/django/core/handlers/base.py", line 187, in _get_response
    response = self.process_exception_by_middleware(e, request)
  File "/www/local/lib/python2.7/site-packages/django/core/handlers/base.py", line 185, in _get_response
    response = wrapped_callback(request, *callback_args, **callback_kwargs)
  File "/www/huitraining/huiweb/views.py", line 159, in plan_details
    return render_to_response("edit.html",locals())
  File "/www/local/lib/python2.7/site-packages/django/shortcuts.py", line 21, in render_to_response
    content = loader.render_to_string(template_name, context, using=using)
  File "/www/local/lib/python2.7/site-packages/django/template/loader.py", line 67, in render_to_string
    template = get_template(template_name, using=using)
  File "/www/local/lib/python2.7/site-packages/django/template/loader.py", line 25, in get_template
    raise TemplateDoesNotExist(template_name, chain=chain)
TemplateDoesNotExist: edit.html
Not Found: /status.taobao
Internal Server Error: /plan_details2
Traceback (most recent call last):
  File "/www/local/lib/python2.7/site-packages/django/core/handlers/exception.py", line 39, in inner
    response = get_response(request)
  File "/www/local/lib/python2.7/site-packages/django/core/handlers/base.py", line 187, in _get_response
    response = self.process_exception_by_middleware(e, request)
  File "/www/local/lib/python2.7/site-packages/django/core/handlers/base.py", line 185, in _get_response
    response = wrapped_callback(request, *callback_args, **callback_kwargs)
  File "/www/huitraining/huiweb/views.py", line 159, in plan_details
    return render_to_response("edit.html",locals())
  File "/www/local/lib/python2.7/site-packages/django/shortcuts.py", line 21, in render_to_response
    content = loader.render_to_string(template_name, context, using=using)
  File "/www/local/lib/python2.7/site-packages/django/template/loader.py", line 67, in render_to_string
    template = get_template(template_name, using=using)
  File "/www/local/lib/python2.7/site-packages/django/template/loader.py", line 25, in get_template
    raise TemplateDoesNotExist(template_name, chain=chain)
TemplateDoesNotExist: edit.html
Not Found: /azenv.php
Not Found: /shell
Not Found: /azenv.php
Not Found: /azenv.php
Not Found: /favicon.ico
Not Found: /phpMyAdmin
Not Found: /favicon.ico
Not Found: /favicon.ico
Not Found: /favicon.ico
Not Found: /favicon.ico
Not Found: /favicon.ico
Not Found: /7
Internal Server Error: /details1
Traceback (most recent call last):
  File "/www/local/lib/python2.7/site-packages/django/core/handlers/exception.py", line 39, in inner
    response = get_response(request)
  File "/www/local/lib/python2.7/site-packages/django/core/handlers/base.py", line 187, in _get_response
    response = self.process_exception_by_middleware(e, request)
  File "/www/local/lib/python2.7/site-packages/django/core/handlers/base.py", line 185, in _get_response
    response = wrapped_callback(request, *callback_args, **callback_kwargs)
  File "/www/huitraining/huiweb/views.py", line 118, in details
    return render_to_response("details1.html",locals())
  File "/www/local/lib/python2.7/site-packages/django/shortcuts.py", line 21, in render_to_response
    content = loader.render_to_string(template_name, context, using=using)
  File "/www/local/lib/python2.7/site-packages/django/template/loader.py", line 67, in render_to_string
    template = get_template(template_name, using=using)
  File "/www/local/lib/python2.7/site-packages/django/template/loader.py", line 25, in get_template
    raise TemplateDoesNotExist(template_name, chain=chain)
TemplateDoesNotExist: details1.html
Internal Server Error: /details1
Traceback (most recent call last):
  File "/www/local/lib/python2.7/site-packages/django/core/handlers/exception.py", line 39, in inner
    response = get_response(request)
  File "/www/local/lib/python2.7/site-packages/django/core/handlers/base.py", line 187, in _get_response
    response = self.process_exception_by_middleware(e, request)
  File "/www/local/lib/python2.7/site-packages/django/core/handlers/base.py", line 185, in _get_response
    response = wrapped_callback(request, *callback_args, **callback_kwargs)
  File "/www/huitraining/huiweb/views.py", line 118, in details
    return render_to_response("details1.html",locals())
  File "/www/local/lib/python2.7/site-packages/django/shortcuts.py", line 21, in render_to_response
    content = loader.render_to_string(template_name, context, using=using)
  File "/www/local/lib/python2.7/site-packages/django/template/loader.py", line 67, in render_to_string
    template = get_template(template_name, using=using)
  File "/www/local/lib/python2.7/site-packages/django/template/loader.py", line 25, in get_template
    raise TemplateDoesNotExist(template_name, chain=chain)
TemplateDoesNotExist: details1.html
Not Found: /favicon.ico
Not Found: /robots.txt
Not Found: /dfshealth.html
Forbidden (CSRF cookie not set.): /
Not Found: /index.php
Not Found: /master-status
Not Found: /rs-status
Not Found: /index.php
Not Found: /ganglia/index.php
Not Found: /hjibfzetdkay
Not Found: /index.php
Not Found: /hjibfzetdkay
Not Found: /hjibfzetdkay
Not Found: /jobs/
Not Found: /hwi/
Forbidden (CSRF cookie not set.): /
Not Found: /install/index.php
Not Found: /index.php
Not Found: /index.php
Not Found: /plugins/content/s5_media_player/helper.php
Not Found: /uddiexplorer/SearchPublicRegistries.jsp
Not Found: /matrix_callback.php
Not Found: /clusters.jsf
Not Found: /index.php
Not Found: /dfshealth.jsp
Not Found: /hadoop/dfshealth.jsp
Not Found: /about/
Not Found: /'"/></script><script>alert()</script>
Not Found: /'"/></script><script>alert()</script>
Not Found: /%27%22%2f%3E%3C%2fscript%3E%3Cscript%3Ealert%28%29%3C%2fscript%3E
Not Found: /'"/></script><script>alert()</script>/
Not Found: /'"/></script><script>alert()</script>/
Not Found: /%27%22%2f%3E%3C%2fscript%3E%3Cscript%3Ealert%28%29%3C%2fscript%3E/
Not Found: /'"+onmouseover=alert()+d='"
Not Found: /'" onmouseover=alert() d='"
Not Found: /%27%22%20onmouseover%3Dalert%28%29%20d%3D%27%22
Not Found: /'"+onmouseover=alert()+d='"/
Not Found: /'" onmouseover=alert() d='"/
Not Found: /%27%22%20onmouseover%3Dalert%28%29%20d%3D%27%22/
Not Found: /robots.txt
Not Found: /favicon.ico
Not Found: /favicon.ico
Not Found: /wp-json/wp/v2/posts
Not Found: /jobs/
Not Found: /zvygcxamndfj
Not Found: /zvygcxamndfj
Not Found: /zvygcxamndfj
Not Found: /hwi/
Not Found: /favicon.ico
Not Found: /clusters.jsf
Not Found: /ganglia/index.php
Not Found: /index.php
Not Found: /rs-status
Not Found: /master-status
Forbidden (CSRF cookie not set.): /
Not Found: /dfshealth.html
Not Found: /about/
Not Found: /warning
Not Found: /pleasereadthis
Not Found: /please_read/_search
Not Found: /status.taobao
Not Found: /jenkins/
Not Found: /shell
Not Found: /zabbix/
Not Found: /solr/
Not Found: /info
Not Found: /dfshealth.jsp
Not Found: /hadoop/dfshealth.jsp
Not Found: /azenv.php
Not Found: /azenv.php
Not Found: /favicon.ico
Not Found: /favicon.ico
Not Found: /azenv.php
Not Found: /wp-json/wp/v2/posts
Not Found: /rsdeylkhijwv
Not Found: /rsdeylkhijwv
Not Found: /rsdeylkhijwv
Forbidden (CSRF cookie not set.): /
Not Found: /hwi/
Not Found: /clusters.jsf
Not Found: /ganglia/index.php
Not Found: /index.php
Not Found: /rs-status
Not Found: /master-status
Forbidden (CSRF cookie not set.): /
Not Found: /dfshealth.html
Not Found: /about/
Not Found: /warning
Not Found: /pleasereadthis
Not Found: /please_read/_search
Not Found: /jenkins/
Not Found: /zabbix/
Not Found: /solr/
Not Found: /info
Not Found: /dfshealth.jsp
Not Found: /hadoop/dfshealth.jsp
Forbidden (CSRF cookie not set.): /
Not Found: /index.php
Not Found: /ganglia/index.php
Not Found: /index.php
Not Found: /index.php
Not Found: /kfxogetundac
Not Found: /kfxogetundac
Not Found: /jobs/
Not Found: /kfxogetundac
Not Found: /hwi/
Forbidden (CSRF cookie not set.): /
Not Found: /install/index.php
Not Found: /index.php
Not Found: /index.php
Not Found: /plugins/content/s5_media_player/helper.php
Not Found: /uddiexplorer/SearchPublicRegistries.jsp
Not Found: /matrix_callback.php
Not Found: /clusters.jsf
Not Found: /index.php
Not Found: /dfshealth.jsp
Not Found: /hadoop/dfshealth.jsp
Not Found: /about/
Not Found: /'"/></script><script>alert()</script>
Not Found: /'"/></script><script>alert()</script>
Not Found: /%27%22%2f%3E%3C%2fscript%3E%3Cscript%3Ealert%28%29%3C%2fscript%3E
Not Found: /'"/></script><script>alert()</script>/
Not Found: /'"/></script><script>alert()</script>/
Not Found: /%27%22%2f%3E%3C%2fscript%3E%3Cscript%3Ealert%28%29%3C%2fscript%3E/
Not Found: /'"+onmouseover=alert()+d='"
Not Found: /'" onmouseover=alert() d='"
Not Found: /%27%22%20onmouseover%3Dalert%28%29%20d%3D%27%22
Not Found: /'"+onmouseover=alert()+d='"/
Not Found: /'" onmouseover=alert() d='"/
Not Found: /%27%22%20onmouseover%3Dalert%28%29%20d%3D%27%22/
Not Found: /phpmyadmin
Not Found: /azenv.php
Not Found: /phpmyadmin
Not Found: /status.taobao
Not Found: /azenv.php
Not Found: /upload/bank-icons/bank-gh.jpg
Not Found: /azenv.php
Not Found: /check_proxy
Not Found: /phpmyadmin
Not Found: /favicon.ico
Not Found: /favicon.ico
Not Found: /index.php
Not Found: /dfshealth.html
Forbidden (CSRF cookie not set.): /
Not Found: /index.php
Not Found: /master-status
Not Found: /rs-status
Not Found: /ganglia/index.php
Not Found: /index.php
Not Found: /index.php
Not Found: /jobs/
Not Found: /jcvzhgelskuf
Not Found: /jcvzhgelskuf
Not Found: /jcvzhgelskuf
Not Found: /hwi/
Forbidden (CSRF cookie not set.): /
Not Found: /install/index.php
Not Found: /index.php
Not Found: /index.php
Not Found: /plugins/content/s5_media_player/helper.php
Not Found: /uddiexplorer/SearchPublicRegistries.jsp
Not Found: /matrix_callback.php
Not Found: /clusters.jsf
Not Found: /index.php
Not Found: /dfshealth.jsp
Not Found: /hadoop/dfshealth.jsp
Not Found: /about/
Not Found: /'"/></script><script>alert()</script>
Not Found: /'"/></script><script>alert()</script>
Not Found: /%27%22%2f%3E%3C%2fscript%3E%3Cscript%3Ealert%28%29%3C%2fscript%3E
Not Found: /'"/></script><script>alert()</script>/
Not Found: /'"/></script><script>alert()</script>/
Not Found: /%27%22%2f%3E%3C%2fscript%3E%3Cscript%3Ealert%28%29%3C%2fscript%3E/
Not Found: /'"+onmouseover=alert()+d='"
Not Found: /'" onmouseover=alert() d='"
Not Found: /%27%22%20onmouseover%3Dalert%28%29%20d%3D%27%22
Not Found: /'"+onmouseover=alert()+d='"/
Not Found: /'" onmouseover=alert() d='"/
Not Found: /%27%22%20onmouseover%3Dalert%28%29%20d%3D%27%22/
Not Found: /wp-json/wp/v2/posts
Not Found: /riapcojvbgts
Not Found: /riapcojvbgts
Not Found: /riapcojvbgts
Not Found: /jobs/
Forbidden (CSRF cookie not set.): /
Not Found: /hwi/
Not Found: /clusters.jsf
Not Found: /ganglia/index.php
Not Found: /index.php
Not Found: /rs-status
Not Found: /master-status
Forbidden (CSRF cookie not set.): /
Not Found: /dfshealth.html
Not Found: /about/
Not Found: /warning
Not Found: /pleasereadthis
Not Found: /please_read/_search
Not Found: /jenkins/
Not Found: /zabbix/
Not Found: /solr/
Not Found: /info
Not Found: /dfshealth.jsp
Not Found: /hadoop/dfshealth.jsp
Not Found: /status.taobao
Not Found: /favicon.ico
Not Found: /cgi/common.cgi
Not Found: /stssys.htm
Not Found: /command.php
Not Found: /robots.txt
Not Found: /robots.txt
Not Found: /robots.txt
Not Found: /favicon.ico
Not Found: /favicon.ico
Not Found: /robots.txt
Not Found: /phpmyadmin/scripts/setup.php
Not Found: /favicon.ico
Not Found: /wp-json/wp/v2/posts
Not Found: /jobs/
Not Found: /hsruwijcdxto
Not Found: /hsruwijcdxto
Not Found: /hsruwijcdxto
Not Found: /hwi/
Forbidden (CSRF cookie not set.): /
Not Found: /clusters.jsf
Not Found: /ganglia/index.php
Not Found: /index.php
Not Found: /rs-status
Not Found: /master-status
Forbidden (CSRF cookie not set.): /
Not Found: /dfshealth.html
Not Found: /about/
Not Found: /warning
Not Found: /pleasereadthis
Not Found: /please_read/_search
Not Found: /jenkins/
Not Found: /zabbix/
Not Found: /solr/
Not Found: /info
Not Found: /dfshealth.jsp
Not Found: /hadoop/dfshealth.jsp
Not Found: /dfshealth.html
Forbidden (CSRF cookie not set.): /
Not Found: /index.php
Not Found: /master-status
Not Found: /rs-status
Not Found: /index.php
Not Found: /ganglia/index.php
Not Found: /index.php
Not Found: /tgpuadfqvncr
Not Found: /tgpuadfqvncr
Not Found: /tgpuadfqvncr
Not Found: /jobs/
Not Found: /hwi/
Forbidden (CSRF cookie not set.): /
Not Found: /install/index.php
Not Found: /index.php
Not Found: /index.php
Not Found: /plugins/content/s5_media_player/helper.php
Not Found: /uddiexplorer/SearchPublicRegistries.jsp
Not Found: /matrix_callback.php
Not Found: /clusters.jsf
Not Found: /index.php
Not Found: /dfshealth.jsp
Not Found: /hadoop/dfshealth.jsp
Not Found: /about/
Not Found: /'"/></script><script>alert()</script>
Not Found: /'"/></script><script>alert()</script>
Not Found: /%27%22%2f%3E%3C%2fscript%3E%3Cscript%3Ealert%28%29%3C%2fscript%3E
Not Found: /'"/></script><script>alert()</script>/
Not Found: /'"/></script><script>alert()</script>/
Not Found: /%27%22%2f%3E%3C%2fscript%3E%3Cscript%3Ealert%28%29%3C%2fscript%3E/
Not Found: /'"+onmouseover=alert()+d='"
Not Found: /'" onmouseover=alert() d='"
Not Found: /%27%22%20onmouseover%3Dalert%28%29%20d%3D%27%22
Not Found: /'"+onmouseover=alert()+d='"/
Not Found: /'" onmouseover=alert() d='"/
Not Found: /%27%22%20onmouseover%3Dalert%28%29%20d%3D%27%22/
Not Found: /azenv.php
Not Found: /muieblackcat
Not Found: /phpMyAdmin/scripts/setup.php
Not Found: /phpmyadmin/scripts/setup.php
Not Found: /pma/scripts/setup.php
Not Found: /myadmin/scripts/setup.php
Not Found: /MyAdmin/scripts/setup.php
Not Found: /azenv.php
Not Found: /azenv.php
Not Found: /RECORDINGS/
Not Found: /dfshealth.html
Forbidden (CSRF cookie not set.): /
Not Found: /index.php
Not Found: /master-status
Not Found: /rs-status
Not Found: /ganglia/index.php
Not Found: /index.php
Not Found: /index.php
Not Found: /jobs/
Not Found: /zfisxpqkjwbo
Not Found: /zfisxpqkjwbo
Not Found: /zfisxpqkjwbo
Not Found: /hwi/
Forbidden (CSRF cookie not set.): /
Not Found: /install/index.php
Not Found: /index.php
Not Found: /index.php
Not Found: /plugins/content/s5_media_player/helper.php
Not Found: /uddiexplorer/SearchPublicRegistries.jsp
Not Found: /matrix_callback.php
Not Found: /clusters.jsf
Not Found: /index.php
Not Found: /dfshealth.jsp
Not Found: /hadoop/dfshealth.jsp
Not Found: /about/
Not Found: /'"/></script><script>alert()</script>
Not Found: /'"/></script><script>alert()</script>
Not Found: /%27%22%2f%3E%3C%2fscript%3E%3Cscript%3Ealert%28%29%3C%2fscript%3E
Not Found: /'"/></script><script>alert()</script>/
Not Found: /'"/></script><script>alert()</script>/
Not Found: /%27%22%2f%3E%3C%2fscript%3E%3Cscript%3Ealert%28%29%3C%2fscript%3E/
Not Found: /'"+onmouseover=alert()+d='"
Not Found: /'" onmouseover=alert() d='"
Not Found: /%27%22%20onmouseover%3Dalert%28%29%20d%3D%27%22
Not Found: /'"+onmouseover=alert()+d='"/
Not Found: /'" onmouseover=alert() d='"/
Not Found: /%27%22%20onmouseover%3Dalert%28%29%20d%3D%27%22/
Not Found: /favicon.ico
Not Found: /wp-json/wp/v2/posts
Not Found: /jobs/
Not Found: /itfulgqmhnjp
Not Found: /itfulgqmhnjp
Not Found: /itfulgqmhnjp
Forbidden (CSRF cookie not set.): /
Not Found: /hwi/
Not Found: /clusters.jsf
Not Found: /ganglia/index.php
Not Found: /index.php
Not Found: /rs-status
Not Found: /master-status
Forbidden (CSRF cookie not set.): /
Not Found: /dfshealth.html
Not Found: /robots.txt
Not Found: /robots.txt
Not Found: /robots.txt
Not Found: /about/
Not Found: /warning
Not Found: /pleasereadthis
Not Found: /please_read/_search
Forbidden (CSRF cookie not set.): /
Not Found: /jenkins/
Not Found: /zabbix/
Not Found: /solr/
Not Found: /info
Not Found: /dfshealth.jsp
Not Found: /hadoop/dfshealth.jsp
Not Found: /phpmyadmin
Not Found: /robots.txt
Not Found: /azenv.php
Not Found: /phpmyadmin
Not Found: /wp-json/wp/v2/posts
Not Found: /jobs/
Not Found: /wgquikhmsclb
Not Found: /wgquikhmsclb
Not Found: /wgquikhmsclb
Forbidden (CSRF cookie not set.): /
Not Found: /hwi/
Not Found: /clusters.jsf
Not Found: /ganglia/index.php
Not Found: /index.php
Not Found: /rs-status
Not Found: /master-status
Forbidden (CSRF cookie not set.): /
Not Found: /dfshealth.html
Not Found: /about/
Not Found: /warning
Not Found: /pleasereadthis
Not Found: /please_read/_search
Not Found: /jenkins/
Not Found: /zabbix/
Not Found: /solr/
Not Found: /info
Not Found: /dfshealth.jsp
Not Found: /hadoop/dfshealth.jsp
Not Found: /dfshealth.html
Forbidden (CSRF cookie not set.): /
Not Found: /index.php
Not Found: /master-status
Not Found: /rs-status
Not Found: /ganglia/index.php
Not Found: /index.php
Not Found: /jobs/
Not Found: /index.php
Not Found: /hwi/
Not Found: /uaeclbdvjimh
Not Found: /uaeclbdvjimh
Not Found: /uaeclbdvjimh
Forbidden (CSRF cookie not set.): /
Not Found: /install/index.php
Not Found: /index.php
Not Found: /index.php
Not Found: /plugins/content/s5_media_player/helper.php
Not Found: /uddiexplorer/SearchPublicRegistries.jsp
Not Found: /matrix_callback.php
Not Found: /clusters.jsf
Not Found: /index.php
Not Found: /about/
Not Found: /'"/></script><script>alert()</script>
Not Found: /'"/></script><script>alert()</script>
Not Found: /%27%22%2f%3E%3C%2fscript%3E%3Cscript%3Ealert%28%29%3C%2fscript%3E
Not Found: /'"/></script><script>alert()</script>/
Not Found: /'"/></script><script>alert()</script>/
Not Found: /%27%22%2f%3E%3C%2fscript%3E%3Cscript%3Ealert%28%29%3C%2fscript%3E/
Not Found: /'"+onmouseover=alert()+d='"
Not Found: /'" onmouseover=alert() d='"
Not Found: /%27%22%20onmouseover%3Dalert%28%29%20d%3D%27%22
Not Found: /'"+onmouseover=alert()+d='"/
Not Found: /'" onmouseover=alert() d='"/
Not Found: /%27%22%20onmouseover%3Dalert%28%29%20d%3D%27%22/
Not Found: /favicon.ico
Not Found: /phpmyadmin
Not Found: /azenv.php
Not Found: /manager/html
Not Found: /phpmyadmin
Not Found: /phpmyadmin
Not Found: /phpmyadmin 
Not Found: /azenv.php
Not Found: /azenv.php
Not Found: /favicon.ico
Not Found: /robots.txt
Not Found: /sitemap.xml
Not Found: /azenv.php
Not Found: /favicon.ico
Not Found: /wp-json/wp/v2/posts
Not Found: /jobs/
Not Found: /fiwrhmezjbpx
Not Found: /fiwrhmezjbpx
Not Found: /fiwrhmezjbpx
Forbidden (CSRF cookie not set.): /
Not Found: /hwi/
Not Found: /clusters.jsf
Not Found: /ganglia/index.php
Not Found: /index.php
Not Found: /rs-status
Not Found: /master-status
Forbidden (CSRF cookie not set.): /
Not Found: /dfshealth.html
Not Found: /about/
Not Found: /warning
Not Found: /pleasereadthis
Not Found: /please_read/_search
Not Found: /jenkins/
Not Found: /zabbix/
Not Found: /solr/
Not Found: /info
Not Found: /dfshealth.jsp
Not Found: /hadoop/dfshealth.jsp
Not Found: /favicon.ico
Not Found: /favicon.ico
Not Found: /status.taobao
Not Found: /robots.txt
Not Found: /robots.txt
Not Found: /azenv.php
Not Found: /brootcms/see.php
Not Found: /w00tw00t.at.blackhats.romanian.anti-sec:)
Not Found: /phpMyAdmin/scripts/setup.php
Not Found: /phpmyadmin/scripts/setup.php
Not Found: /pma/scripts/setup.php
Not Found: /myadmin/scripts/setup.php
Not Found: /MyAdmin/scripts/setup.php
Not Found: /favicon.ico
Not Found: /manager/html
Not Found: /wp-json/wp/v2/posts
Not Found: /jobs/
Not Found: /amznldscqkhb
Not Found: /amznldscqkhb
Not Found: /amznldscqkhb
Forbidden (CSRF cookie not set.): /
Not Found: /clusters.jsf
Not Found: /ganglia/index.php
Not Found: /index.php
Not Found: /rs-status
Not Found: /master-status
Forbidden (CSRF cookie not set.): /
Not Found: /dfshealth.html
Not Found: /about/
Not Found: /warning
Not Found: /pleasereadthis
Not Found: /please_read/_search
Not Found: /phpmyadmin
Not Found: /jenkins/
Not Found: /zabbix/
Not Found: /solr/
Not Found: /info
Not Found: /dfshealth.jsp
Not Found: /hadoop/dfshealth.jsp
Not Found: /phpmyadmin
Not Found: /phpmyadmin
Not Found: /phpmyadmin
Not Found: /robots.txt
Not Found: /dfshealth.html
Forbidden (CSRF cookie not set.): /
Not Found: /index.php
Not Found: /master-status
Not Found: /rs-status
Not Found: /index.php
Not Found: /ganglia/index.php
Not Found: /funptkajzqes
Not Found: /funptkajzqes
Not Found: /funptkajzqes
Not Found: /index.php
Not Found: /jobs/
Not Found: /hwi/
Forbidden (CSRF cookie not set.): /
Not Found: /install/index.php
Not Found: /index.php
Not Found: /index.php
Not Found: /plugins/content/s5_media_player/helper.php
Not Found: /uddiexplorer/SearchPublicRegistries.jsp
Not Found: /matrix_callback.php
Not Found: /clusters.jsf
Not Found: /index.php
Not Found: /dfshealth.jsp
Not Found: /hadoop/dfshealth.jsp
Not Found: /about/
Not Found: /'"/></script><script>alert()</script>
Not Found: /'"/></script><script>alert()</script>
Not Found: /%27%22%2f%3E%3C%2fscript%3E%3Cscript%3Ealert%28%29%3C%2fscript%3E
Not Found: /'"/></script><script>alert()</script>/
Not Found: /'"/></script><script>alert()</script>/
Not Found: /%27%22%2f%3E%3C%2fscript%3E%3Cscript%3Ealert%28%29%3C%2fscript%3E/
Not Found: /'"+onmouseover=alert()+d='"
Not Found: /'" onmouseover=alert() d='"
Not Found: /%27%22%20onmouseover%3Dalert%28%29%20d%3D%27%22
Not Found: /'"+onmouseover=alert()+d='"/
Not Found: /'" onmouseover=alert() d='"/
Not Found: /%27%22%20onmouseover%3Dalert%28%29%20d%3D%27%22/
Not Found: /favicon.ico
Not Found: /favicon.ico
Not Found: /status.taobao
Not Found: /azenv.php
Not Found: /robots.txt
Not Found: /sitemap.xml
Not Found: /cgi/common.cgi
Not Found: /stssys.htm
Not Found: /command.php
Not Found: /muieblackcat
Not Found: /phpMyAdmin/scripts/setup.php
Not Found: /phpmyadmin/scripts/setup.php
Not Found: /pma/scripts/setup.php
Not Found: /myadmin/scripts/setup.php
Not Found: /MyAdmin/scripts/setup.php
Not Found: /phpmyadmin
Not Found: /favicon.ico
Not Found: /favicon.ico
Not Found: /dfshealth.html
Forbidden (CSRF cookie not set.): /
Not Found: /index.php
Not Found: /master-status
Not Found: /rs-status
Not Found: /ganglia/index.php
Not Found: /index.php
Not Found: /index.php
Not Found: /koaqzwbvhpjn
Not Found: /koaqzwbvhpjn
Not Found: /koaqzwbvhpjn
Not Found: /jobs/
Not Found: /hwi/
Forbidden (CSRF cookie not set.): /
Not Found: /install/index.php
Not Found: /index.php
Not Found: /index.php
Not Found: /plugins/content/s5_media_player/helper.php
Not Found: /uddiexplorer/SearchPublicRegistries.jsp
Not Found: /matrix_callback.php
Not Found: /clusters.jsf
Not Found: /index.php
Not Found: /dfshealth.jsp
Not Found: /hadoop/dfshealth.jsp
Not Found: /about/
Not Found: /'"/></script><script>alert()</script>
Not Found: /'"/></script><script>alert()</script>
Not Found: /%27%22%2f%3E%3C%2fscript%3E%3Cscript%3Ealert%28%29%3C%2fscript%3E
Not Found: /'"/></script><script>alert()</script>/
Not Found: /'"/></script><script>alert()</script>/
Not Found: /%27%22%2f%3E%3C%2fscript%3E%3Cscript%3Ealert%28%29%3C%2fscript%3E/
Not Found: /'"+onmouseover=alert()+d='"
Not Found: /'" onmouseover=alert() d='"
Not Found: /%27%22%20onmouseover%3Dalert%28%29%20d%3D%27%22
Not Found: /'"+onmouseover=alert()+d='"/
Not Found: /'" onmouseover=alert() d='"/
Not Found: /%27%22%20onmouseover%3Dalert%28%29%20d%3D%27%22/
Not Found: /manager/html
Not Found: /manager/html
Not Found: /status.taobao
Not Found: /favicon.ico
Not Found: /manager/html
Not Found: /robots.txt
Not Found: /robots.txt
Not Found: /robots.txt
Not Found: /robots.txt
Not Found: /favicon.ico
Not Found: /manager/html
Not Found: /azenv.php
Not Found: /wp-json/wp/v2/posts
Not Found: /jobs/
Not Found: /huqjkygmrvlp
Not Found: /huqjkygmrvlp
Not Found: /huqjkygmrvlp
Not Found: /hwi/
Forbidden (CSRF cookie not set.): /
Not Found: /clusters.jsf
Not Found: /ganglia/index.php
Not Found: /index.php
Not Found: /rs-status
Not Found: /master-status
Forbidden (CSRF cookie not set.): /
Not Found: /dfshealth.html
Not Found: /about/
Not Found: /warning
Not Found: /pleasereadthis
Not Found: /please_read/_search
Not Found: /jenkins/
Not Found: /zabbix/
Not Found: /solr/
Not Found: /info
Not Found: /dfshealth.jsp
Not Found: /hadoop/dfshealth.jsp
Not Found: /dfshealth.html
Forbidden (CSRF cookie not set.): /
Not Found: /index.php
Not Found: /master-status
Not Found: /rs-status
Not Found: /index.php
Not Found: /ganglia/index.php
Not Found: /index.php
Not Found: /atsevhciyqjm
Not Found: /atsevhciyqjm
Not Found: /atsevhciyqjm
Not Found: /jobs/
Not Found: /hwi/
Forbidden (CSRF cookie not set.): /
Not Found: /install/index.php
Not Found: /index.php
Not Found: /index.php
Not Found: /plugins/content/s5_media_player/helper.php
Not Found: /uddiexplorer/SearchPublicRegistries.jsp
Not Found: /matrix_callback.php
Not Found: /clusters.jsf
Not Found: /index.php
Not Found: /dfshealth.jsp
Not Found: /hadoop/dfshealth.jsp
Not Found: /about/
Not Found: /'"/></script><script>alert()</script>
Not Found: /'"/></script><script>alert()</script>
Not Found: /%27%22%2f%3E%3C%2fscript%3E%3Cscript%3Ealert%28%29%3C%2fscript%3E
Not Found: /'"/></script><script>alert()</script>/
Not Found: /'"/></script><script>alert()</script>/
Not Found: /%27%22%2f%3E%3C%2fscript%3E%3Cscript%3Ealert%28%29%3C%2fscript%3E/
Not Found: /'"+onmouseover=alert()+d='"
Not Found: /'" onmouseover=alert() d='"
Not Found: /%27%22%20onmouseover%3Dalert%28%29%20d%3D%27%22
Not Found: /'"+onmouseover=alert()+d='"/
Not Found: /'" onmouseover=alert() d='"/
Not Found: /%27%22%20onmouseover%3Dalert%28%29%20d%3D%27%22/
Not Found: /invoker/JMXInvokerServlet
Not Found: /invoker/JMXInvokerServlet
Not Found: /azenv.php
Not Found: /azenv.php
Not Found: /robots.txt
Not Found: /phpmyadmin/scripts/setup.php
Not Found: /azenv.php
Not Found: /favicon.ico
Not Found: /azenv.php
Not Found: /wp-json/wp/v2/posts
Not Found: /jobs/
Not Found: /wangfqdpurkz
Not Found: /wangfqdpurkz
Not Found: /wangfqdpurkz
Not Found: /hwi/
Forbidden (CSRF cookie not set.): /
Not Found: /clusters.jsf
Not Found: /ganglia/index.php
Not Found: /index.php
Not Found: /rs-status
Not Found: /master-status
Forbidden (CSRF cookie not set.): /
Not Found: /dfshealth.html
Not Found: /about/
Not Found: /warning
Not Found: /pleasereadthis
Not Found: /please_read/_search
Not Found: /jenkins/
Not Found: /zabbix/
Not Found: /solr/
Not Found: /info
Not Found: /dfshealth.jsp
Not Found: /hadoop/dfshealth.jsp
Not Found: /dfshealth.html
Forbidden (CSRF cookie not set.): /
Not Found: /index.php
Not Found: /master-status
Not Found: /index.php
Not Found: /rs-status
Not Found: /ganglia/index.php
Not Found: /index.php
Not Found: /jobs/
Not Found: /deqipmkbcyzf
Not Found: /deqipmkbcyzf
Not Found: /deqipmkbcyzf
Not Found: /hwi/
Forbidden (CSRF cookie not set.): /
Not Found: /install/index.php
Not Found: /index.php
Not Found: /index.php
Not Found: /plugins/content/s5_media_player/helper.php
Not Found: /uddiexplorer/SearchPublicRegistries.jsp
Not Found: /matrix_callback.php
Not Found: /clusters.jsf
Not Found: /index.php
Not Found: /dfshealth.jsp
Not Found: /hadoop/dfshealth.jsp
Not Found: /about/
Not Found: /'"/></script><script>alert()</script>
Not Found: /'"/></script><script>alert()</script>
Not Found: /%27%22%2f%3E%3C%2fscript%3E%3Cscript%3Ealert%28%29%3C%2fscript%3E
Not Found: /'"/></script><script>alert()</script>/
Not Found: /'"/></script><script>alert()</script>/
Not Found: /%27%22%2f%3E%3C%2fscript%3E%3Cscript%3Ealert%28%29%3C%2fscript%3E/
Not Found: /'"+onmouseover=alert()+d='"
Not Found: /'" onmouseover=alert() d='"
Not Found: /%27%22%20onmouseover%3Dalert%28%29%20d%3D%27%22
Not Found: /'"+onmouseover=alert()+d='"/
Not Found: /'" onmouseover=alert() d='"/
Not Found: /%27%22%20onmouseover%3Dalert%28%29%20d%3D%27%22/
Not Found: /azenv.php
Not Found: /status.taobao
Not Found: /manager/html
Not Found: /azenv.php
Not Found: /manager/html
Not Found: /RECORDINGS/
Not Found: /azenv.php
Not Found: /manager/html
Not Found: /redirect.php
Not Found: /phpmyadmin
Not Found: /azenv.php
Not Found: /azenv.php
Not Found: /script
Not Found: /manager/html
Not Found: /wp-json/wp/v2/posts
Not Found: /jobs/
Not Found: /fpdhmklgarzq
Not Found: /fpdhmklgarzq
Not Found: /fpdhmklgarzq
Not Found: /hwi/
Forbidden (CSRF cookie not set.): /
Not Found: /clusters.jsf
Not Found: /ganglia/index.php
Not Found: /index.php
Not Found: /rs-status
Not Found: /master-status
Forbidden (CSRF cookie not set.): /
Not Found: /dfshealth.html
Not Found: /about/
Not Found: /warning
Not Found: /pleasereadthis
Not Found: /please_read/_search
Not Found: /jenkins/
Not Found: /zabbix/
Not Found: /solr/
Not Found: /info
Not Found: /dfshealth.jsp
Not Found: /hadoop/dfshealth.jsp
Not Found: /dfshealth.html
Forbidden (CSRF cookie not set.): /
Not Found: /index.php
Not Found: /master-status
Not Found: /rs-status
Not Found: /ganglia/index.php
Not Found: /index.php
Not Found: /jobs/
Not Found: /index.php
Not Found: /aztkiqjnrewx
Not Found: /aztkiqjnrewx
Not Found: /aztkiqjnrewx
Not Found: /hwi/
Forbidden (CSRF cookie not set.): /
Not Found: /install/index.php
Not Found: /index.php
Not Found: /index.php
Not Found: /plugins/content/s5_media_player/helper.php
Not Found: /uddiexplorer/SearchPublicRegistries.jsp
Not Found: /matrix_callback.php
Not Found: /clusters.jsf
Not Found: /index.php
Not Found: /dfshealth.jsp
Not Found: /hadoop/dfshealth.jsp
Not Found: /about/
Not Found: /'"/></script><script>alert()</script>
Not Found: /'"/></script><script>alert()</script>
Not Found: /%27%22%2f%3E%3C%2fscript%3E%3Cscript%3Ealert%28%29%3C%2fscript%3E
Not Found: /'"/></script><script>alert()</script>/
Not Found: /'"/></script><script>alert()</script>/
Not Found: /%27%22%2f%3E%3C%2fscript%3E%3Cscript%3Ealert%28%29%3C%2fscript%3E/
Not Found: /'"+onmouseover=alert()+d='"
Not Found: /'" onmouseover=alert() d='"
Not Found: /%27%22%20onmouseover%3Dalert%28%29%20d%3D%27%22
Not Found: /'"+onmouseover=alert()+d='"/
Not Found: /'" onmouseover=alert() d='"/
Not Found: /%27%22%20onmouseover%3Dalert%28%29%20d%3D%27%22/
Not Found: /phpmyadmin
Not Found: /manager/html
Not Found: /azenv.php
Not Found: /azenv.php
Not Found: /azenv.php
Not Found: /azenv.php
Not Found: /pmd
Not Found: /azenv.php
Not Found: /wp-json/wp/v2/posts
Not Found: /jobs/
Not Found: /oalymnsrdjxk
Not Found: /oalymnsrdjxk
Not Found: /oalymnsrdjxk
Not Found: /dfshealth.html
Forbidden (CSRF cookie not set.): /
Not Found: /index.php
Not Found: /master-status
Not Found: /rs-status
Not Found: /index.php
Not Found: /ganglia/index.php
Not Found: /index.php
Not Found: /gtiqdcowxjpk
Not Found: /gtiqdcowxjpk
Not Found: /gtiqdcowxjpk
Forbidden (CSRF cookie not set.): /
Not Found: /hwi/
Forbidden (CSRF cookie not set.): /
Not Found: /install/index.php
Not Found: /index.php
Not Found: /index.php
Not Found: /plugins/content/s5_media_player/helper.php
Not Found: /uddiexplorer/SearchPublicRegistries.jsp
Not Found: /matrix_callback.php
Not Found: /clusters.jsf
Not Found: /index.php
Not Found: /dfshealth.jsp
Not Found: /hadoop/dfshealth.jsp
Not Found: /about/
Not Found: /'"/></script><script>alert()</script>
Not Found: /'"/></script><script>alert()</script>
Not Found: /%27%22%2f%3E%3C%2fscript%3E%3Cscript%3Ealert%28%29%3C%2fscript%3E
Not Found: /'"/></script><script>alert()</script>/
Not Found: /'"/></script><script>alert()</script>/
Not Found: /%27%22%2f%3E%3C%2fscript%3E%3Cscript%3Ealert%28%29%3C%2fscript%3E/
Not Found: /'"+onmouseover=alert()+d='"
Not Found: /'" onmouseover=alert() d='"
Not Found: /%27%22%20onmouseover%3Dalert%28%29%20d%3D%27%22
Not Found: /'"+onmouseover=alert()+d='"/
Not Found: /'" onmouseover=alert() d='"/
Not Found: /%27%22%20onmouseover%3Dalert%28%29%20d%3D%27%22/
Forbidden (CSRF cookie not set.): /
Not Found: /warning
Not Found: /pleasereadthis
Not Found: /please_read/_search
Not Found: /jenkins/
Not Found: /zabbix/
Not Found: /solr/
Not Found: /manager/html
Not Found: /info
Not Found: /dfshealth.jsp
Not Found: /hadoop/dfshealth.jsp
Not Found: /status.taobao
Not Found: /azenv.php
Not Found: /robots.txt
Not Found: /robots.txt
Not Found: /azenv.php
Not Found: /muieblackcat
Not Found: /phpMyAdmin/scripts/setup.php
Not Found: /phpmyadmin/scripts/setup.php
Not Found: /pma/scripts/setup.php
Not Found: /myadmin/scripts/setup.php
Not Found: /MyAdmin/scripts/setup.php
Not Found: /manager/html
Not Found: /azenv.php
Forbidden (CSRF cookie not set.): /
Forbidden (CSRF cookie not set.): /
Forbidden (CSRF cookie not set.): /
Forbidden (CSRF cookie not set.): /
Forbidden (CSRF cookie not set.): /
Forbidden (CSRF cookie not set.): /
Not Found: /azenv.php
Not Found: /favicon.ico
Not Found: /wp-json/wp/v2/posts
Not Found: /jobs/
Not Found: /mpnrtacxhbgo
Not Found: /mpnrtacxhbgo
Not Found: /mpnrtacxhbgo
Forbidden (CSRF cookie not set.): /
Not Found: /hwi/
Not Found: /clusters.jsf
Not Found: /ganglia/index.php
Not Found: /index.php
Not Found: /rs-status
Not Found: /master-status
Forbidden (CSRF cookie not set.): /
Not Found: /dfshealth.html
Not Found: /about/
Not Found: /warning
Not Found: /pleasereadthis
Not Found: /please_read/_search
Not Found: /jenkins/
Not Found: /zabbix/
Not Found: /solr/
Not Found: /info
Not Found: /dfshealth.jsp
Not Found: /hadoop/dfshealth.jsp
Not Found: /favicon.ico
Not Found: /azenv.php
Not Found: /favicon.ico
Not Found: /favicon.ico
Not Found: /azenv.php
Not Found: /azenv.php
Not Found: /robots.txt
Not Found: /robots.txt
Not Found: /azenv.php
Not Found: /favicon.ico
Not Found: /azenv.php
Not Found: /phpmyadmin
Not Found: /dfshealth.html
Not Found: /master-status
Not Found: /rs-status
Not Found: /index.php
Not Found: /ganglia/index.php
Not Found: /erhytngzlsfb
Not Found: /erhytngzlsfb
Not Found: /erhytngzlsfb
Not Found: /index.php
Not Found: /jobs/
Not Found: /azenv.php
Not Found: /hwi/
Forbidden (CSRF cookie not set.): /
Not Found: /install/index.php
Not Found: /index.php
Not Found: /index.php
Not Found: /plugins/content/s5_media_player/helper.php
Not Found: /uddiexplorer/SearchPublicRegistries.jsp
Not Found: /matrix_callback.php
Not Found: /clusters.jsf
Not Found: /index.php
Not Found: /dfshealth.jsp
Not Found: /hadoop/dfshealth.jsp
Not Found: /about/
Not Found: /'"/></script><script>alert()</script>
Not Found: /'"/></script><script>alert()</script>
Not Found: /%27%22%2f%3E%3C%2fscript%3E%3Cscript%3Ealert%28%29%3C%2fscript%3E
Not Found: /'"/></script><script>alert()</script>/
Not Found: /'"/></script><script>alert()</script>/
Not Found: /%27%22%2f%3E%3C%2fscript%3E%3Cscript%3Ealert%28%29%3C%2fscript%3E/
Not Found: /'"+onmouseover=alert()+d='"
Not Found: /'" onmouseover=alert() d='"
Not Found: /%27%22%20onmouseover%3Dalert%28%29%20d%3D%27%22
Not Found: /'"+onmouseover=alert()+d='"/
Not Found: /'" onmouseover=alert() d='"/
Not Found: /%27%22%20onmouseover%3Dalert%28%29%20d%3D%27%22/
Not Found: /favicon.ico
Not Found: /status.taobao
Not Found: /wp-json/wp/v2/posts
Not Found: /jobs/
Not Found: /vukzwipxgqjf
Not Found: /vukzwipxgqjf
Not Found: /vukzwipxgqjf
Forbidden (CSRF cookie not set.): /
Not Found: /robots.txt
Not Found: /robots.txt
Not Found: /hwi/
Not Found: /clusters.jsf
Not Found: /favicon.ico
Not Found: /ganglia/index.php
Not Found: /index.php
Not Found: /rs-status
Not Found: /master-status
Forbidden (CSRF cookie not set.): /
Not Found: /dfshealth.html
Not Found: /about/
Not Found: /favicon.ico
Not Found: /warning
Not Found: /pleasereadthis
Not Found: /please_read/_search
Not Found: /jenkins/
Not Found: /zabbix/
Not Found: /solr/
Not Found: /info
Not Found: /dfshealth.jsp
Not Found: /hadoop/dfshealth.jsp
Not Found: /azenv.php
Not Found: /robots.txt
Not Found: /azenv.php
Not Found: /robots.txt
Not Found: /azenv.php
Not Found: /favicon.ico
Not Found: /robots.txt
Not Found: /azenv.php
Not Found: /wp-json/wp/v2/posts
Not Found: /jobs/
Not Found: /tuyidrzwhjek
Not Found: /tuyidrzwhjek
Not Found: /tuyidrzwhjek
Forbidden (CSRF cookie not set.): /
Not Found: /hwi/
Not Found: /clusters.jsf
Not Found: /ganglia/index.php
Not Found: /index.php
Not Found: /rs-status
Not Found: /master-status
Forbidden (CSRF cookie not set.): /
Not Found: /dfshealth.html
Not Found: /about/
Not Found: /pleasereadthis
Not Found: /please_read/_search
Not Found: /jenkins/
Not Found: /zabbix/
Not Found: /solr/
Not Found: /info
Not Found: /dfshealth.jsp
Not Found: /hadoop/dfshealth.jsp
Not Found: /favicon.ico
Not Found: /favicon.ico
Not Found: /azenv.php
Not Found: /status.taobao
Not Found: /favicon.ico
Not Found: /azenv.php
Not Found: /robots.txt
Not Found: /sitemap.xml
Not Found: /manager/html
Not Found: /RECORDINGS/
Not Found: /robots.txt
Not Found: /favicon.ico
Not Found: /favicon.ico
Not Found: /favicon.ico
Not Found: /xmlrpc.php
Not Found: /robots.txt
Not Found: /favicon.ico
Not Found: /robots.txt
